<?xml version="1.0" encoding="utf-8"?><testsuites name="pytest tests"><testsuite name="pytest" errors="0" failures="0" skipped="0" tests="12" time="91.883" timestamp="2026-07-15T09:28:19.228666+00:00" hostname="agent-env-cd0ec221-b0b5-408d-a1bc-7ba5046826b6"><testcase classname="tests.backend_test.TestHealthAndMeta" name="test_health" time="0.292" /><testcase classname="tests.backend_test.TestHealthAndMeta" name="test_root_includes_presets" time="0.099" /><testcase classname="tests.backend_test.TestHealthAndMeta" name="test_sqlite_file_exists" time="0.001" /><testcase classname="tests.backend_test.TestHealthAndMeta" name="test_countries" time="0.042" /><testcase classname="tests.backend_test.TestTor" name="test_tor_status_offline_geo" time="1.003" /><testcase classname="tests.backend_test.TestTor" name="test_tor_rotate" time="8.027" /><testcase classname="tests.backend_test.TestPresetValidation" name="test_invalid_preset_returns_400" time="0.051" /><testcase classname="tests.backend_test.TestPresetValidation" name="test_empty_urls_returns_400" time="0.064" /><testcase classname="tests.backend_test.TestPresetLogHints" name="test_medium_preset_shows_range_hint" time="7.997" /><testcase classname="tests.backend_test.TestShortPresetE2E" name="test_short_preset_completes" time="49.427" /><testcase classname="tests.backend_test.TestCustomPresetE2E" name="test_custom_5s_two_views" time="24.578" /><testcase classname="tests.backend_test.TestStats" name="test_stats" time="0.046" /></testsuite></testsuites>