<?xml version="1.0" encoding="utf-8"?><testsuites name="pytest tests"><testsuite name="pytest" errors="0" failures="0" skipped="0" tests="10" time="82.091" timestamp="2026-07-15T09:10:53.726603+00:00" hostname="agent-env-cd0ec221-b0b5-408d-a1bc-7ba5046826b6"><testcase classname="tests.backend_test.TestHealthAndMeta" name="test_health" time="1.247" /><testcase classname="tests.backend_test.TestHealthAndMeta" name="test_root" time="0.050" /><testcase classname="tests.backend_test.TestHealthAndMeta" name="test_countries" time="0.051" /><testcase classname="tests.backend_test.TestTor" name="test_tor_status" time="2.277" /><testcase classname="tests.backend_test.TestTor" name="test_tor_rotate" time="9.217" /><testcase classname="tests.backend_test.TestJobsHttpMode" name="test_create_and_persist_single_url" time="23.559" /><testcase classname="tests.backend_test.TestJobsHttpMode" name="test_create_rotation_specific" time="44.661" /><testcase classname="tests.backend_test.TestStats" name="test_stats_nonzero" time="0.372" /><testcase classname="tests.backend_test.TestValidation" name="test_create_job_empty_urls" time="0.046" /><testcase classname="tests.backend_test.TestValidation" name="test_get_missing_job" time="0.371" /></testsuite></testsuites>